{"/media/the4star/DATA/Dropbox/development/projects_and_creations/cobalt/backend/app.js": {"path":"/media/the4star/DATA/Dropbox/development/projects_and_creations/cobalt/backend/app.js","statementMap":{"0":{"start":{"line":1,"column":16},"end":{"line":1,"column":34}},"1":{"start":{"line":2,"column":17},"end":{"line":2,"column":36}},"2":{"start":{"line":3,"column":16},"end":{"line":3,"column":42}},"3":{"start":{"line":4,"column":19},"end":{"line":4,"column":52}},"4":{"start":{"line":5,"column":15},"end":{"line":5,"column":32}},"5":{"start":{"line":7,"column":17},"end":{"line":7,"column":36}},"6":{"start":{"line":8,"column":13},"end":{"line":8,"column":28}},"7":{"start":{"line":10,"column":0},"end":{"line":10,"column":27}},"8":{"start":{"line":13,"column":0},"end":{"line":13,"column":39}},"9":{"start":{"line":14,"column":0},"end":{"line":14,"column":46}},"10":{"start":{"line":15,"column":0},"end":{"line":15,"column":48}},"11":{"start":{"line":19,"column":12},"end":{"line":19,"column":21}},"12":{"start":{"line":20,"column":0},"end":{"line":20,"column":23}},"13":{"start":{"line":21,"column":0},"end":{"line":21,"column":24}},"14":{"start":{"line":22,"column":0},"end":{"line":22,"column":47}},"15":{"start":{"line":23,"column":0},"end":{"line":28,"column":4}},"16":{"start":{"line":29,"column":0},"end":{"line":29,"column":64}},"17":{"start":{"line":31,"column":0},"end":{"line":31,"column":31}},"18":{"start":{"line":32,"column":0},"end":{"line":32,"column":28}},"19":{"start":{"line":35,"column":18},"end":{"line":35,"column":47}},"20":{"start":{"line":36,"column":18},"end":{"line":36,"column":47}},"21":{"start":{"line":37,"column":18},"end":{"line":37,"column":47}},"22":{"start":{"line":38,"column":21},"end":{"line":38,"column":53}},"23":{"start":{"line":40,"column":0},"end":{"line":40,"column":24}},"24":{"start":{"line":41,"column":0},"end":{"line":41,"column":28}},"25":{"start":{"line":42,"column":0},"end":{"line":42,"column":28}},"26":{"start":{"line":43,"column":0},"end":{"line":43,"column":34}},"27":{"start":{"line":45,"column":0},"end":{"line":45,"column":21}}},"fnMap":{},"branchMap":{},"s":{"0":1,"1":1,"2":1,"3":1,"4":1,"5":1,"6":1,"7":1,"8":1,"9":1,"10":1,"11":1,"12":1,"13":1,"14":1,"15":1,"16":1,"17":1,"18":1,"19":1,"20":1,"21":1,"22":1,"23":1,"24":1,"25":1,"26":1,"27":1},"f":{},"b":{},"_coverageSchema":"43e27e138ebf9cfc5966b082cf9a028302ed4184","hash":"ae393729a68cdb53012fe80d246a4f68a795703a"}
,"/media/the4star/DATA/Dropbox/development/projects_and_creations/cobalt/backend/config/passport-facebook.js": {"path":"/media/the4star/DATA/Dropbox/development/projects_and_creations/cobalt/backend/config/passport-facebook.js","statementMap":{"0":{"start":{"line":1,"column":25},"end":{"line":1,"column":64}},"1":{"start":{"line":3,"column":13},"end":{"line":3,"column":38}},"2":{"start":{"line":5,"column":0},"end":{"line":50,"column":1}},"3":{"start":{"line":6,"column":4},"end":{"line":34,"column":7}},"4":{"start":{"line":12,"column":8},"end":{"line":12,"column":28}},"5":{"start":{"line":13,"column":8},"end":{"line":32,"column":11}},"6":{"start":{"line":14,"column":12},"end":{"line":16,"column":13}},"7":{"start":{"line":15,"column":16},"end":{"line":15,"column":33}},"8":{"start":{"line":17,"column":12},"end":{"line":31,"column":13}},"9":{"start":{"line":18,"column":16},"end":{"line":24,"column":19}},"10":{"start":{"line":25,"column":16},"end":{"line":28,"column":19}},"11":{"start":{"line":26,"column":20},"end":{"line":26,"column":46}},"12":{"start":{"line":26,"column":29},"end":{"line":26,"column":46}},"13":{"start":{"line":27,"column":20},"end":{"line":27,"column":43}},"14":{"start":{"line":30,"column":16},"end":{"line":30,"column":39}},"15":{"start":{"line":37,"column":4},"end":{"line":39,"column":7}},"16":{"start":{"line":38,"column":8},"end":{"line":38,"column":29}},"17":{"start":{"line":42,"column":4},"end":{"line":49,"column":7}},"18":{"start":{"line":43,"column":8},"end":{"line":48,"column":9}},"19":{"start":{"line":44,"column":21},"end":{"line":44,"column":44}},"20":{"start":{"line":45,"column":8},"end":{"line":45,"column":25}},"21":{"start":{"line":47,"column":8},"end":{"line":47,"column":20}}},"fnMap":{"0":{"name":"(anonymous_0)","decl":{"start":{"line":5,"column":17},"end":{"line":5,"column":18}},"loc":{"start":{"line":5,"column":31},"end":{"line":50,"column":1}},"line":5},"1":{"name":"(anonymous_1)","decl":{"start":{"line":11,"column":6},"end":{"line":11,"column":7}},"loc":{"start":{"line":11,"column":57},"end":{"line":33,"column":7}},"line":11},"2":{"name":"(anonymous_2)","decl":{"start":{"line":13,"column":49},"end":{"line":13,"column":50}},"loc":{"start":{"line":13,"column":70},"end":{"line":32,"column":9}},"line":13},"3":{"name":"(anonymous_3)","decl":{"start":{"line":25,"column":26},"end":{"line":25,"column":27}},"loc":{"start":{"line":25,"column":40},"end":{"line":28,"column":17}},"line":25},"4":{"name":"(anonymous_4)","decl":{"start":{"line":37,"column":27},"end":{"line":37,"column":28}},"loc":{"start":{"line":37,"column":43},"end":{"line":39,"column":5}},"line":37},"5":{"name":"(anonymous_5)","decl":{"start":{"line":42,"column":29},"end":{"line":42,"column":30}},"loc":{"start":{"line":42,"column":49},"end":{"line":49,"column":5}},"line":42}},"branchMap":{"0":{"loc":{"start":{"line":14,"column":12},"end":{"line":16,"column":13}},"type":"if","locations":[{"start":{"line":14,"column":12},"end":{"line":16,"column":13}},{"start":{"line":14,"column":12},"end":{"line":16,"column":13}}],"line":14},"1":{"loc":{"start":{"line":17,"column":12},"end":{"line":31,"column":13}},"type":"if","locations":[{"start":{"line":17,"column":12},"end":{"line":31,"column":13}},{"start":{"line":17,"column":12},"end":{"line":31,"column":13}}],"line":17},"2":{"loc":{"start":{"line":26,"column":20},"end":{"line":26,"column":46}},"type":"if","locations":[{"start":{"line":26,"column":20},"end":{"line":26,"column":46}},{"start":{"line":26,"column":20},"end":{"line":26,"column":46}}],"line":26}},"s":{"0":1,"1":1,"2":1,"3":1,"4":0,"5":0,"6":0,"7":0,"8":0,"9":0,"10":0,"11":0,"12":0,"13":0,"14":0,"15":1,"16":0,"17":1,"18":0,"19":0,"20":0,"21":0},"f":{"0":1,"1":0,"2":0,"3":0,"4":0,"5":0},"b":{"0":[0,0],"1":[0,0],"2":[0,0]},"_coverageSchema":"43e27e138ebf9cfc5966b082cf9a028302ed4184","hash":"84f5d7429886c0db80c348670609bf6bb91205ee"}
,"/media/the4star/DATA/Dropbox/development/projects_and_creations/cobalt/backend/config/passport-google.js": {"path":"/media/the4star/DATA/Dropbox/development/projects_and_creations/cobalt/backend/config/passport-google.js","statementMap":{"0":{"start":{"line":1,"column":23},"end":{"line":1,"column":67}},"1":{"start":{"line":3,"column":13},"end":{"line":3,"column":38}},"2":{"start":{"line":5,"column":0},"end":{"line":52,"column":1}},"3":{"start":{"line":6,"column":4},"end":{"line":36,"column":7}},"4":{"start":{"line":14,"column":10},"end":{"line":14,"column":30}},"5":{"start":{"line":15,"column":8},"end":{"line":34,"column":11}},"6":{"start":{"line":16,"column":12},"end":{"line":18,"column":13}},"7":{"start":{"line":17,"column":16},"end":{"line":17,"column":33}},"8":{"start":{"line":19,"column":12},"end":{"line":33,"column":13}},"9":{"start":{"line":20,"column":16},"end":{"line":26,"column":19}},"10":{"start":{"line":27,"column":16},"end":{"line":30,"column":19}},"11":{"start":{"line":28,"column":20},"end":{"line":28,"column":46}},"12":{"start":{"line":28,"column":29},"end":{"line":28,"column":46}},"13":{"start":{"line":29,"column":20},"end":{"line":29,"column":43}},"14":{"start":{"line":32,"column":16},"end":{"line":32,"column":39}},"15":{"start":{"line":39,"column":4},"end":{"line":41,"column":7}},"16":{"start":{"line":40,"column":8},"end":{"line":40,"column":29}},"17":{"start":{"line":44,"column":4},"end":{"line":51,"column":7}},"18":{"start":{"line":45,"column":8},"end":{"line":50,"column":9}},"19":{"start":{"line":46,"column":21},"end":{"line":46,"column":44}},"20":{"start":{"line":47,"column":8},"end":{"line":47,"column":25}},"21":{"start":{"line":49,"column":8},"end":{"line":49,"column":20}}},"fnMap":{"0":{"name":"(anonymous_0)","decl":{"start":{"line":5,"column":17},"end":{"line":5,"column":18}},"loc":{"start":{"line":5,"column":31},"end":{"line":52,"column":1}},"line":5},"1":{"name":"(anonymous_1)","decl":{"start":{"line":13,"column":6},"end":{"line":13,"column":7}},"loc":{"start":{"line":13,"column":66},"end":{"line":35,"column":7}},"line":13},"2":{"name":"(anonymous_2)","decl":{"start":{"line":15,"column":47},"end":{"line":15,"column":48}},"loc":{"start":{"line":15,"column":68},"end":{"line":34,"column":9}},"line":15},"3":{"name":"(anonymous_3)","decl":{"start":{"line":27,"column":26},"end":{"line":27,"column":27}},"loc":{"start":{"line":27,"column":40},"end":{"line":30,"column":17}},"line":27},"4":{"name":"(anonymous_4)","decl":{"start":{"line":39,"column":27},"end":{"line":39,"column":28}},"loc":{"start":{"line":39,"column":43},"end":{"line":41,"column":5}},"line":39},"5":{"name":"(anonymous_5)","decl":{"start":{"line":44,"column":29},"end":{"line":44,"column":30}},"loc":{"start":{"line":44,"column":49},"end":{"line":51,"column":5}},"line":44}},"branchMap":{"0":{"loc":{"start":{"line":9,"column":21},"end":{"line":9,"column":150}},"type":"cond-expr","locations":[{"start":{"line":9,"column":61},"end":{"line":9,"column":98}},{"start":{"line":9,"column":101},"end":{"line":9,"column":150}}],"line":9},"1":{"loc":{"start":{"line":16,"column":12},"end":{"line":18,"column":13}},"type":"if","locations":[{"start":{"line":16,"column":12},"end":{"line":18,"column":13}},{"start":{"line":16,"column":12},"end":{"line":18,"column":13}}],"line":16},"2":{"loc":{"start":{"line":19,"column":12},"end":{"line":33,"column":13}},"type":"if","locations":[{"start":{"line":19,"column":12},"end":{"line":33,"column":13}},{"start":{"line":19,"column":12},"end":{"line":33,"column":13}}],"line":19},"3":{"loc":{"start":{"line":28,"column":20},"end":{"line":28,"column":46}},"type":"if","locations":[{"start":{"line":28,"column":20},"end":{"line":28,"column":46}},{"start":{"line":28,"column":20},"end":{"line":28,"column":46}}],"line":28}},"s":{"0":1,"1":1,"2":1,"3":1,"4":0,"5":0,"6":0,"7":0,"8":0,"9":0,"10":0,"11":0,"12":0,"13":0,"14":0,"15":1,"16":0,"17":1,"18":0,"19":0,"20":0,"21":0},"f":{"0":1,"1":0,"2":0,"3":0,"4":0,"5":0},"b":{"0":[1,0],"1":[0,0],"2":[0,0],"3":[0,0]},"_coverageSchema":"43e27e138ebf9cfc5966b082cf9a028302ed4184","hash":"aa4388d6a694d101152b0cf1fd8fe589332c5690"}
,"/media/the4star/DATA/Dropbox/development/projects_and_creations/cobalt/backend/config/passport.js": {"path":"/media/the4star/DATA/Dropbox/development/projects_and_creations/cobalt/backend/config/passport.js","statementMap":{"0":{"start":{"line":1,"column":22},"end":{"line":1,"column":56}},"1":{"start":{"line":2,"column":15},"end":{"line":2,"column":32}},"2":{"start":{"line":5,"column":13},"end":{"line":5,"column":38}},"3":{"start":{"line":7,"column":0},"end":{"line":41,"column":1}},"4":{"start":{"line":8,"column":2},"end":{"line":24,"column":3}},"5":{"start":{"line":10,"column":6},"end":{"line":22,"column":7}},"6":{"start":{"line":11,"column":21},"end":{"line":11,"column":57}},"7":{"start":{"line":12,"column":8},"end":{"line":14,"column":9}},"8":{"start":{"line":13,"column":10},"end":{"line":13,"column":78}},"9":{"start":{"line":15,"column":30},"end":{"line":15,"column":75}},"10":{"start":{"line":16,"column":8},"end":{"line":18,"column":9}},"11":{"start":{"line":17,"column":10},"end":{"line":17,"column":68}},"12":{"start":{"line":19,"column":8},"end":{"line":19,"column":64}},"13":{"start":{"line":21,"column":8},"end":{"line":21,"column":24}},"14":{"start":{"line":27,"column":2},"end":{"line":29,"column":5}},"15":{"start":{"line":28,"column":4},"end":{"line":28,"column":25}},"16":{"start":{"line":32,"column":2},"end":{"line":39,"column":5}},"17":{"start":{"line":33,"column":4},"end":{"line":38,"column":5}},"18":{"start":{"line":34,"column":19},"end":{"line":34,"column":42}},"19":{"start":{"line":35,"column":6},"end":{"line":35,"column":23}},"20":{"start":{"line":37,"column":6},"end":{"line":37,"column":18}}},"fnMap":{"0":{"name":"(anonymous_0)","decl":{"start":{"line":7,"column":17},"end":{"line":7,"column":18}},"loc":{"start":{"line":7,"column":31},"end":{"line":41,"column":1}},"line":7},"1":{"name":"(anonymous_1)","decl":{"start":{"line":9,"column":50},"end":{"line":9,"column":51}},"loc":{"start":{"line":9,"column":83},"end":{"line":23,"column":7}},"line":9},"2":{"name":"(anonymous_2)","decl":{"start":{"line":27,"column":25},"end":{"line":27,"column":26}},"loc":{"start":{"line":27,"column":41},"end":{"line":29,"column":3}},"line":27},"3":{"name":"(anonymous_3)","decl":{"start":{"line":32,"column":27},"end":{"line":32,"column":28}},"loc":{"start":{"line":32,"column":47},"end":{"line":39,"column":3}},"line":32}},"branchMap":{"0":{"loc":{"start":{"line":12,"column":8},"end":{"line":14,"column":9}},"type":"if","locations":[{"start":{"line":12,"column":8},"end":{"line":14,"column":9}},{"start":{"line":12,"column":8},"end":{"line":14,"column":9}}],"line":12},"1":{"loc":{"start":{"line":16,"column":8},"end":{"line":18,"column":9}},"type":"if","locations":[{"start":{"line":16,"column":8},"end":{"line":18,"column":9}},{"start":{"line":16,"column":8},"end":{"line":18,"column":9}}],"line":16}},"s":{"0":1,"1":1,"2":1,"3":1,"4":1,"5":0,"6":0,"7":0,"8":0,"9":0,"10":0,"11":0,"12":0,"13":0,"14":1,"15":0,"16":1,"17":0,"18":0,"19":0,"20":0},"f":{"0":1,"1":0,"2":0,"3":0},"b":{"0":[0,0],"1":[0,0]},"_coverageSchema":"43e27e138ebf9cfc5966b082cf9a028302ed4184","hash":"aa4bbe9326341b16f99bbcc6926f9c2f28ab4465"}
,"/media/the4star/DATA/Dropbox/development/projects_and_creations/cobalt/backend/models/Collection.js": {"path":"/media/the4star/DATA/Dropbox/development/projects_and_creations/cobalt/backend/models/Collection.js","statementMap":{"0":{"start":{"line":1,"column":17},"end":{"line":1,"column":36}},"1":{"start":{"line":2,"column":15},"end":{"line":2,"column":30}},"2":{"start":{"line":4,"column":25},"end":{"line":8,"column":2}},"3":{"start":{"line":10,"column":19},"end":{"line":10,"column":69}},"4":{"start":{"line":13,"column":0},"end":{"line":13,"column":28}}},"fnMap":{},"branchMap":{},"s":{"0":1,"1":1,"2":1,"3":1,"4":1},"f":{},"b":{},"_coverageSchema":"43e27e138ebf9cfc5966b082cf9a028302ed4184","hash":"c1aa906c121a91c3ab3746b9a160637c8ca9344c"}
,"/media/the4star/DATA/Dropbox/development/projects_and_creations/cobalt/backend/models/Directory.js": {"path":"/media/the4star/DATA/Dropbox/development/projects_and_creations/cobalt/backend/models/Directory.js","statementMap":{"0":{"start":{"line":1,"column":17},"end":{"line":1,"column":36}},"1":{"start":{"line":2,"column":15},"end":{"line":2,"column":30}},"2":{"start":{"line":4,"column":24},"end":{"line":8,"column":2}},"3":{"start":{"line":10,"column":18},"end":{"line":10,"column":66}},"4":{"start":{"line":13,"column":0},"end":{"line":13,"column":27}}},"fnMap":{},"branchMap":{},"s":{"0":1,"1":1,"2":1,"3":1,"4":1},"f":{},"b":{},"_coverageSchema":"43e27e138ebf9cfc5966b082cf9a028302ed4184","hash":"d7d3da2bd89a1d28c44db01b790b0ca103a5357a"}
,"/media/the4star/DATA/Dropbox/development/projects_and_creations/cobalt/backend/models/Item.js": {"path":"/media/the4star/DATA/Dropbox/development/projects_and_creations/cobalt/backend/models/Item.js","statementMap":{"0":{"start":{"line":1,"column":17},"end":{"line":1,"column":36}},"1":{"start":{"line":2,"column":15},"end":{"line":2,"column":30}},"2":{"start":{"line":4,"column":19},"end":{"line":8,"column":2}},"3":{"start":{"line":10,"column":13},"end":{"line":10,"column":51}},"4":{"start":{"line":12,"column":0},"end":{"line":12,"column":22}}},"fnMap":{},"branchMap":{},"s":{"0":1,"1":1,"2":1,"3":1,"4":1},"f":{},"b":{},"_coverageSchema":"43e27e138ebf9cfc5966b082cf9a028302ed4184","hash":"b45b6df34fe3fc03689d4a39e8904b6e49183a0a"}
,"/media/the4star/DATA/Dropbox/development/projects_and_creations/cobalt/backend/models/User.js": {"path":"/media/the4star/DATA/Dropbox/development/projects_and_creations/cobalt/backend/models/User.js","statementMap":{"0":{"start":{"line":1,"column":17},"end":{"line":1,"column":36}},"1":{"start":{"line":2,"column":15},"end":{"line":2,"column":30}},"2":{"start":{"line":4,"column":19},"end":{"line":12,"column":2}},"3":{"start":{"line":14,"column":13},"end":{"line":14,"column":51}},"4":{"start":{"line":17,"column":0},"end":{"line":17,"column":22}}},"fnMap":{},"branchMap":{},"s":{"0":1,"1":1,"2":1,"3":1,"4":1},"f":{},"b":{},"_coverageSchema":"43e27e138ebf9cfc5966b082cf9a028302ed4184","hash":"231442dbddab8ccbb9a12ee7875bd75d292f8d2e"}
,"/media/the4star/DATA/Dropbox/development/projects_and_creations/cobalt/backend/routes/authRoute.js": {"path":"/media/the4star/DATA/Dropbox/development/projects_and_creations/cobalt/backend/routes/authRoute.js","statementMap":{"0":{"start":{"line":1,"column":16},"end":{"line":1,"column":34}},"1":{"start":{"line":2,"column":15},"end":{"line":2,"column":31}},"2":{"start":{"line":3,"column":17},"end":{"line":3,"column":36}},"3":{"start":{"line":4,"column":15},"end":{"line":4,"column":32}},"4":{"start":{"line":5,"column":13},"end":{"line":5,"column":38}},"5":{"start":{"line":7,"column":0},"end":{"line":21,"column":2}},"6":{"start":{"line":8,"column":4},"end":{"line":20,"column":5}},"7":{"start":{"line":9,"column":8},"end":{"line":16,"column":29}},"8":{"start":{"line":10,"column":12},"end":{"line":10,"column":42}},"9":{"start":{"line":10,"column":23},"end":{"line":10,"column":40}},"10":{"start":{"line":11,"column":12},"end":{"line":11,"column":80}},"11":{"start":{"line":11,"column":25},"end":{"line":11,"column":78}},"12":{"start":{"line":12,"column":12},"end":{"line":15,"column":15}},"13":{"start":{"line":13,"column":14},"end":{"line":13,"column":44}},"14":{"start":{"line":13,"column":25},"end":{"line":13,"column":42}},"15":{"start":{"line":14,"column":14},"end":{"line":14,"column":46}},"16":{"start":{"line":19,"column":8},"end":{"line":19,"column":35}},"17":{"start":{"line":23,"column":0},"end":{"line":58,"column":2}},"18":{"start":{"line":24,"column":4},"end":{"line":57,"column":7}},"19":{"start":{"line":25,"column":55},"end":{"line":25,"column":63}},"20":{"start":{"line":27,"column":21},"end":{"line":27,"column":23}},"21":{"start":{"line":29,"column":21},"end":{"line":29,"column":55}},"22":{"start":{"line":31,"column":8},"end":{"line":53,"column":9}},"23":{"start":{"line":32,"column":12},"end":{"line":32,"column":57}},"24":{"start":{"line":34,"column":12},"end":{"line":34,"column":46}},"25":{"start":{"line":37,"column":25},"end":{"line":37,"column":56}},"26":{"start":{"line":39,"column":28},"end":{"line":44,"column":14}},"27":{"start":{"line":46,"column":12},"end":{"line":52,"column":15}},"28":{"start":{"line":47,"column":16},"end":{"line":51,"column":17}},"29":{"start":{"line":48,"column":20},"end":{"line":48,"column":71}},"30":{"start":{"line":50,"column":20},"end":{"line":50,"column":52}},"31":{"start":{"line":56,"column":8},"end":{"line":56,"column":33}},"32":{"start":{"line":60,"column":0},"end":{"line":82,"column":2}},"33":{"start":{"line":62,"column":4},"end":{"line":81,"column":5}},"34":{"start":{"line":63,"column":8},"end":{"line":77,"column":9}},"35":{"start":{"line":64,"column":25},"end":{"line":64,"column":58}},"36":{"start":{"line":65,"column":51},"end":{"line":65,"column":55}},"37":{"start":{"line":66,"column":12},"end":{"line":66,"column":67}},"38":{"start":{"line":67,"column":12},"end":{"line":72,"column":15}},"39":{"start":{"line":74,"column":12},"end":{"line":76,"column":14}},"40":{"start":{"line":79,"column":8},"end":{"line":79,"column":26}},"41":{"start":{"line":80,"column":8},"end":{"line":80,"column":35}},"42":{"start":{"line":86,"column":0},"end":{"line":92,"column":8}},"43":{"start":{"line":94,"column":0},"end":{"line":107,"column":2}},"44":{"start":{"line":95,"column":4},"end":{"line":106,"column":25}},"45":{"start":{"line":96,"column":8},"end":{"line":96,"column":38}},"46":{"start":{"line":96,"column":19},"end":{"line":96,"column":36}},"47":{"start":{"line":97,"column":8},"end":{"line":97,"column":90}},"48":{"start":{"line":97,"column":21},"end":{"line":97,"column":88}},"49":{"start":{"line":98,"column":8},"end":{"line":105,"column":11}},"50":{"start":{"line":99,"column":10},"end":{"line":99,"column":40}},"51":{"start":{"line":99,"column":21},"end":{"line":99,"column":38}},"52":{"start":{"line":100,"column":10},"end":{"line":104,"column":11}},"53":{"start":{"line":101,"column":12},"end":{"line":101,"column":57}},"54":{"start":{"line":103,"column":12},"end":{"line":103,"column":67}},"55":{"start":{"line":111,"column":0},"end":{"line":112,"column":37}},"56":{"start":{"line":114,"column":0},"end":{"line":128,"column":3}},"57":{"start":{"line":115,"column":4},"end":{"line":126,"column":23}},"58":{"start":{"line":116,"column":8},"end":{"line":116,"column":38}},"59":{"start":{"line":116,"column":19},"end":{"line":116,"column":36}},"60":{"start":{"line":117,"column":8},"end":{"line":117,"column":90}},"61":{"start":{"line":117,"column":21},"end":{"line":117,"column":88}},"62":{"start":{"line":118,"column":8},"end":{"line":125,"column":11}},"63":{"start":{"line":119,"column":10},"end":{"line":119,"column":40}},"64":{"start":{"line":119,"column":21},"end":{"line":119,"column":38}},"65":{"start":{"line":120,"column":10},"end":{"line":124,"column":11}},"66":{"start":{"line":121,"column":12},"end":{"line":121,"column":57}},"67":{"start":{"line":123,"column":12},"end":{"line":123,"column":67}},"68":{"start":{"line":131,"column":0},"end":{"line":134,"column":2}},"69":{"start":{"line":132,"column":4},"end":{"line":132,"column":17}},"70":{"start":{"line":133,"column":4},"end":{"line":133,"column":31}},"71":{"start":{"line":137,"column":0},"end":{"line":137,"column":24}}},"fnMap":{"0":{"name":"(anonymous_0)","decl":{"start":{"line":7,"column":23},"end":{"line":7,"column":24}},"loc":{"start":{"line":7,"column":43},"end":{"line":21,"column":1}},"line":7},"1":{"name":"(anonymous_1)","decl":{"start":{"line":9,"column":39},"end":{"line":9,"column":40}},"loc":{"start":{"line":9,"column":65},"end":{"line":16,"column":11}},"line":9},"2":{"name":"(anonymous_2)","decl":{"start":{"line":12,"column":28},"end":{"line":12,"column":29}},"loc":{"start":{"line":12,"column":42},"end":{"line":15,"column":13}},"line":12},"3":{"name":"(anonymous_3)","decl":{"start":{"line":23,"column":25},"end":{"line":23,"column":26}},"loc":{"start":{"line":23,"column":45},"end":{"line":58,"column":1}},"line":23},"4":{"name":"(anonymous_4)","decl":{"start":{"line":46,"column":31},"end":{"line":46,"column":32}},"loc":{"start":{"line":46,"column":40},"end":{"line":52,"column":13}},"line":46},"5":{"name":"(anonymous_5)","decl":{"start":{"line":60,"column":20},"end":{"line":60,"column":21}},"loc":{"start":{"line":60,"column":46},"end":{"line":82,"column":1}},"line":60},"6":{"name":"(anonymous_6)","decl":{"start":{"line":94,"column":30},"end":{"line":94,"column":31}},"loc":{"start":{"line":94,"column":50},"end":{"line":107,"column":1}},"line":94},"7":{"name":"(anonymous_7)","decl":{"start":{"line":95,"column":36},"end":{"line":95,"column":37}},"loc":{"start":{"line":95,"column":62},"end":{"line":106,"column":7}},"line":95},"8":{"name":"(anonymous_8)","decl":{"start":{"line":98,"column":24},"end":{"line":98,"column":25}},"loc":{"start":{"line":98,"column":38},"end":{"line":105,"column":9}},"line":98},"9":{"name":"(anonymous_9)","decl":{"start":{"line":114,"column":31},"end":{"line":114,"column":32}},"loc":{"start":{"line":114,"column":51},"end":{"line":128,"column":1}},"line":114},"10":{"name":"(anonymous_10)","decl":{"start":{"line":115,"column":38},"end":{"line":115,"column":39}},"loc":{"start":{"line":115,"column":64},"end":{"line":126,"column":5}},"line":115},"11":{"name":"(anonymous_11)","decl":{"start":{"line":118,"column":24},"end":{"line":118,"column":25}},"loc":{"start":{"line":118,"column":38},"end":{"line":125,"column":9}},"line":118},"12":{"name":"(anonymous_12)","decl":{"start":{"line":131,"column":22},"end":{"line":131,"column":23}},"loc":{"start":{"line":131,"column":36},"end":{"line":134,"column":1}},"line":131}},"branchMap":{"0":{"loc":{"start":{"line":10,"column":12},"end":{"line":10,"column":42}},"type":"if","locations":[{"start":{"line":10,"column":12},"end":{"line":10,"column":42}},{"start":{"line":10,"column":12},"end":{"line":10,"column":42}}],"line":10},"1":{"loc":{"start":{"line":11,"column":12},"end":{"line":11,"column":80}},"type":"if","locations":[{"start":{"line":11,"column":12},"end":{"line":11,"column":80}},{"start":{"line":11,"column":12},"end":{"line":11,"column":80}}],"line":11},"2":{"loc":{"start":{"line":13,"column":14},"end":{"line":13,"column":44}},"type":"if","locations":[{"start":{"line":13,"column":14},"end":{"line":13,"column":44}},{"start":{"line":13,"column":14},"end":{"line":13,"column":44}}],"line":13},"3":{"loc":{"start":{"line":31,"column":8},"end":{"line":53,"column":9}},"type":"if","locations":[{"start":{"line":31,"column":8},"end":{"line":53,"column":9}},{"start":{"line":31,"column":8},"end":{"line":53,"column":9}}],"line":31},"4":{"loc":{"start":{"line":47,"column":16},"end":{"line":51,"column":17}},"type":"if","locations":[{"start":{"line":47,"column":16},"end":{"line":51,"column":17}},{"start":{"line":47,"column":16},"end":{"line":51,"column":17}}],"line":47},"5":{"loc":{"start":{"line":63,"column":8},"end":{"line":77,"column":9}},"type":"if","locations":[{"start":{"line":63,"column":8},"end":{"line":77,"column":9}},{"start":{"line":63,"column":8},"end":{"line":77,"column":9}}],"line":63},"6":{"loc":{"start":{"line":96,"column":8},"end":{"line":96,"column":38}},"type":"if","locations":[{"start":{"line":96,"column":8},"end":{"line":96,"column":38}},{"start":{"line":96,"column":8},"end":{"line":96,"column":38}}],"line":96},"7":{"loc":{"start":{"line":97,"column":8},"end":{"line":97,"column":90}},"type":"if","locations":[{"start":{"line":97,"column":8},"end":{"line":97,"column":90}},{"start":{"line":97,"column":8},"end":{"line":97,"column":90}}],"line":97},"8":{"loc":{"start":{"line":99,"column":10},"end":{"line":99,"column":40}},"type":"if","locations":[{"start":{"line":99,"column":10},"end":{"line":99,"column":40}},{"start":{"line":99,"column":10},"end":{"line":99,"column":40}}],"line":99},"9":{"loc":{"start":{"line":100,"column":10},"end":{"line":104,"column":11}},"type":"if","locations":[{"start":{"line":100,"column":10},"end":{"line":104,"column":11}},{"start":{"line":100,"column":10},"end":{"line":104,"column":11}}],"line":100},"10":{"loc":{"start":{"line":116,"column":8},"end":{"line":116,"column":38}},"type":"if","locations":[{"start":{"line":116,"column":8},"end":{"line":116,"column":38}},{"start":{"line":116,"column":8},"end":{"line":116,"column":38}}],"line":116},"11":{"loc":{"start":{"line":117,"column":8},"end":{"line":117,"column":90}},"type":"if","locations":[{"start":{"line":117,"column":8},"end":{"line":117,"column":90}},{"start":{"line":117,"column":8},"end":{"line":117,"column":90}}],"line":117},"12":{"loc":{"start":{"line":119,"column":10},"end":{"line":119,"column":40}},"type":"if","locations":[{"start":{"line":119,"column":10},"end":{"line":119,"column":40}},{"start":{"line":119,"column":10},"end":{"line":119,"column":40}}],"line":119},"13":{"loc":{"start":{"line":120,"column":10},"end":{"line":124,"column":11}},"type":"if","locations":[{"start":{"line":120,"column":10},"end":{"line":124,"column":11}},{"start":{"line":120,"column":10},"end":{"line":124,"column":11}}],"line":120}},"s":{"0":1,"1":1,"2":1,"3":1,"4":1,"5":1,"6":0,"7":0,"8":0,"9":0,"10":0,"11":0,"12":0,"13":0,"14":0,"15":0,"16":0,"17":1,"18":0,"19":0,"20":0,"21":0,"22":0,"23":0,"24":0,"25":0,"26":0,"27":0,"28":0,"29":0,"30":0,"31":0,"32":1,"33":0,"34":0,"35":0,"36":0,"37":0,"38":0,"39":0,"40":0,"41":0,"42":1,"43":1,"44":0,"45":0,"46":0,"47":0,"48":0,"49":0,"50":0,"51":0,"52":0,"53":0,"54":0,"55":1,"56":1,"57":0,"58":0,"59":0,"60":0,"61":0,"62":0,"63":0,"64":0,"65":0,"66":0,"67":0,"68":1,"69":0,"70":0,"71":1},"f":{"0":0,"1":0,"2":0,"3":0,"4":0,"5":0,"6":0,"7":0,"8":0,"9":0,"10":0,"11":0,"12":0},"b":{"0":[0,0],"1":[0,0],"2":[0,0],"3":[0,0],"4":[0,0],"5":[0,0],"6":[0,0],"7":[0,0],"8":[0,0],"9":[0,0],"10":[0,0],"11":[0,0],"12":[0,0],"13":[0,0]},"_coverageSchema":"43e27e138ebf9cfc5966b082cf9a028302ed4184","hash":"f737dcad5f69bf63b52a9b1e823ef4d897df7372"}
,"/media/the4star/DATA/Dropbox/development/projects_and_creations/cobalt/backend/routes/dataRoute.js": {"path":"/media/the4star/DATA/Dropbox/development/projects_and_creations/cobalt/backend/routes/dataRoute.js","statementMap":{"0":{"start":{"line":1,"column":16},"end":{"line":1,"column":34}},"1":{"start":{"line":2,"column":15},"end":{"line":2,"column":31}},"2":{"start":{"line":4,"column":13},"end":{"line":4,"column":38}},"3":{"start":{"line":5,"column":19},"end":{"line":5,"column":50}},"4":{"start":{"line":6,"column":18},"end":{"line":6,"column":48}},"5":{"start":{"line":8,"column":0},"end":{"line":11,"column":2}},"6":{"start":{"line":9,"column":21},"end":{"line":9,"column":40}},"7":{"start":{"line":10,"column":4},"end":{"line":10,"column":22}},"8":{"start":{"line":13,"column":0},"end":{"line":16,"column":2}},"9":{"start":{"line":14,"column":27},"end":{"line":14,"column":70}},"10":{"start":{"line":15,"column":4},"end":{"line":15,"column":28}},"11":{"start":{"line":18,"column":0},"end":{"line":21,"column":2}},"12":{"start":{"line":19,"column":27},"end":{"line":19,"column":51}},"13":{"start":{"line":20,"column":4},"end":{"line":20,"column":28}},"14":{"start":{"line":23,"column":0},"end":{"line":23,"column":24}}},"fnMap":{"0":{"name":"(anonymous_0)","decl":{"start":{"line":8,"column":21},"end":{"line":8,"column":22}},"loc":{"start":{"line":8,"column":41},"end":{"line":11,"column":1}},"line":8},"1":{"name":"(anonymous_1)","decl":{"start":{"line":13,"column":27},"end":{"line":13,"column":28}},"loc":{"start":{"line":13,"column":47},"end":{"line":16,"column":1}},"line":13},"2":{"name":"(anonymous_2)","decl":{"start":{"line":18,"column":27},"end":{"line":18,"column":28}},"loc":{"start":{"line":18,"column":47},"end":{"line":21,"column":1}},"line":18}},"branchMap":{},"s":{"0":1,"1":1,"2":1,"3":1,"4":1,"5":1,"6":1,"7":1,"8":1,"9":0,"10":0,"11":1,"12":1,"13":1,"14":1},"f":{"0":1,"1":0,"2":1},"b":{},"_coverageSchema":"43e27e138ebf9cfc5966b082cf9a028302ed4184","hash":"6116593f6d0fcf4cd3f297233d58d9d2b5a23bb1"}
,"/media/the4star/DATA/Dropbox/development/projects_and_creations/cobalt/backend/routes/paymentRoute.js": {"path":"/media/the4star/DATA/Dropbox/development/projects_and_creations/cobalt/backend/routes/paymentRoute.js","statementMap":{"0":{"start":{"line":1,"column":16},"end":{"line":1,"column":34}},"1":{"start":{"line":2,"column":15},"end":{"line":2,"column":31}},"2":{"start":{"line":4,"column":15},"end":{"line":4,"column":63}},"3":{"start":{"line":6,"column":0},"end":{"line":21,"column":2}},"4":{"start":{"line":7,"column":4},"end":{"line":7,"column":25}},"5":{"start":{"line":8,"column":17},"end":{"line":12,"column":5}},"6":{"start":{"line":14,"column":4},"end":{"line":20,"column":6}},"7":{"start":{"line":15,"column":8},"end":{"line":19,"column":9}},"8":{"start":{"line":16,"column":12},"end":{"line":16,"column":52}},"9":{"start":{"line":18,"column":12},"end":{"line":18,"column":54}},"10":{"start":{"line":23,"column":0},"end":{"line":23,"column":24}}},"fnMap":{"0":{"name":"(anonymous_0)","decl":{"start":{"line":6,"column":17},"end":{"line":6,"column":18}},"loc":{"start":{"line":6,"column":31},"end":{"line":21,"column":1}},"line":6},"1":{"name":"(anonymous_1)","decl":{"start":{"line":14,"column":32},"end":{"line":14,"column":33}},"loc":{"start":{"line":14,"column":58},"end":{"line":20,"column":5}},"line":14}},"branchMap":{"0":{"loc":{"start":{"line":15,"column":8},"end":{"line":19,"column":9}},"type":"if","locations":[{"start":{"line":15,"column":8},"end":{"line":19,"column":9}},{"start":{"line":15,"column":8},"end":{"line":19,"column":9}}],"line":15}},"s":{"0":1,"1":1,"2":1,"3":1,"4":0,"5":0,"6":0,"7":0,"8":0,"9":0,"10":1},"f":{"0":0,"1":0},"b":{"0":[0,0]},"_coverageSchema":"43e27e138ebf9cfc5966b082cf9a028302ed4184","hash":"8754173910b7c934b747ef01fe54eb7e8ecb5395"}
,"/media/the4star/DATA/Dropbox/development/projects_and_creations/cobalt/backend/routes/seedRoute.js": {"path":"/media/the4star/DATA/Dropbox/development/projects_and_creations/cobalt/backend/routes/seedRoute.js","statementMap":{"0":{"start":{"line":1,"column":16},"end":{"line":1,"column":34}},"1":{"start":{"line":2,"column":15},"end":{"line":2,"column":31}},"2":{"start":{"line":5,"column":18},"end":{"line":5,"column":48}},"3":{"start":{"line":6,"column":19},"end":{"line":6,"column":50}},"4":{"start":{"line":7,"column":13},"end":{"line":7,"column":38}},"5":{"start":{"line":10,"column":22},"end":{"line":10,"column":55}},"6":{"start":{"line":11,"column":23},"end":{"line":11,"column":41}},"7":{"start":{"line":12,"column":23},"end":{"line":12,"column":58}},"8":{"start":{"line":13,"column":24},"end":{"line":13,"column":43}},"9":{"start":{"line":14,"column":17},"end":{"line":14,"column":46}},"10":{"start":{"line":15,"column":18},"end":{"line":15,"column":31}},"11":{"start":{"line":18,"column":0},"end":{"line":40,"column":3}},"12":{"start":{"line":19,"column":4},"end":{"line":39,"column":5}},"13":{"start":{"line":20,"column":8},"end":{"line":26,"column":11}},"14":{"start":{"line":21,"column":12},"end":{"line":25,"column":13}},"15":{"start":{"line":22,"column":16},"end":{"line":22,"column":33}},"16":{"start":{"line":24,"column":16},"end":{"line":24,"column":54}},"17":{"start":{"line":28,"column":8},"end":{"line":34,"column":11}},"18":{"start":{"line":29,"column":12},"end":{"line":33,"column":13}},"19":{"start":{"line":30,"column":16},"end":{"line":30,"column":33}},"20":{"start":{"line":32,"column":16},"end":{"line":32,"column":65}},"21":{"start":{"line":36,"column":8},"end":{"line":36,"column":75}},"22":{"start":{"line":38,"column":8},"end":{"line":38,"column":36}},"23":{"start":{"line":42,"column":0},"end":{"line":64,"column":3}},"24":{"start":{"line":43,"column":4},"end":{"line":63,"column":5}},"25":{"start":{"line":44,"column":8},"end":{"line":50,"column":11}},"26":{"start":{"line":45,"column":12},"end":{"line":49,"column":13}},"27":{"start":{"line":46,"column":16},"end":{"line":46,"column":33}},"28":{"start":{"line":48,"column":16},"end":{"line":48,"column":54}},"29":{"start":{"line":52,"column":8},"end":{"line":58,"column":11}},"30":{"start":{"line":53,"column":12},"end":{"line":57,"column":13}},"31":{"start":{"line":54,"column":16},"end":{"line":54,"column":33}},"32":{"start":{"line":56,"column":16},"end":{"line":56,"column":65}},"33":{"start":{"line":60,"column":8},"end":{"line":60,"column":75}},"34":{"start":{"line":62,"column":8},"end":{"line":62,"column":36}},"35":{"start":{"line":66,"column":0},"end":{"line":91,"column":3}},"36":{"start":{"line":67,"column":4},"end":{"line":90,"column":5}},"37":{"start":{"line":68,"column":8},"end":{"line":74,"column":11}},"38":{"start":{"line":69,"column":12},"end":{"line":73,"column":13}},"39":{"start":{"line":70,"column":16},"end":{"line":70,"column":33}},"40":{"start":{"line":72,"column":16},"end":{"line":72,"column":48}},"41":{"start":{"line":76,"column":8},"end":{"line":82,"column":11}},"42":{"start":{"line":77,"column":12},"end":{"line":81,"column":13}},"43":{"start":{"line":78,"column":16},"end":{"line":78,"column":33}},"44":{"start":{"line":80,"column":16},"end":{"line":80,"column":59}},"45":{"start":{"line":84,"column":24},"end":{"line":84,"column":43}},"46":{"start":{"line":85,"column":8},"end":{"line":85,"column":29}},"47":{"start":{"line":86,"column":8},"end":{"line":86,"column":26}},"48":{"start":{"line":89,"column":8},"end":{"line":89,"column":36}},"49":{"start":{"line":93,"column":0},"end":{"line":93,"column":24}}},"fnMap":{"0":{"name":"(anonymous_0)","decl":{"start":{"line":18,"column":25},"end":{"line":18,"column":26}},"loc":{"start":{"line":18,"column":45},"end":{"line":40,"column":1}},"line":18},"1":{"name":"(anonymous_1)","decl":{"start":{"line":20,"column":39},"end":{"line":20,"column":40}},"loc":{"start":{"line":20,"column":48},"end":{"line":26,"column":9}},"line":20},"2":{"name":"(anonymous_2)","decl":{"start":{"line":28,"column":51},"end":{"line":28,"column":52}},"loc":{"start":{"line":28,"column":60},"end":{"line":34,"column":9}},"line":28},"3":{"name":"(anonymous_3)","decl":{"start":{"line":42,"column":26},"end":{"line":42,"column":27}},"loc":{"start":{"line":42,"column":46},"end":{"line":64,"column":1}},"line":42},"4":{"name":"(anonymous_4)","decl":{"start":{"line":44,"column":40},"end":{"line":44,"column":41}},"loc":{"start":{"line":44,"column":49},"end":{"line":50,"column":9}},"line":44},"5":{"name":"(anonymous_5)","decl":{"start":{"line":52,"column":53},"end":{"line":52,"column":54}},"loc":{"start":{"line":52,"column":62},"end":{"line":58,"column":9}},"line":52},"6":{"name":"(anonymous_6)","decl":{"start":{"line":66,"column":20},"end":{"line":66,"column":21}},"loc":{"start":{"line":66,"column":40},"end":{"line":91,"column":1}},"line":66},"7":{"name":"(anonymous_7)","decl":{"start":{"line":68,"column":34},"end":{"line":68,"column":35}},"loc":{"start":{"line":68,"column":43},"end":{"line":74,"column":9}},"line":68},"8":{"name":"(anonymous_8)","decl":{"start":{"line":76,"column":41},"end":{"line":76,"column":42}},"loc":{"start":{"line":76,"column":50},"end":{"line":82,"column":9}},"line":76}},"branchMap":{"0":{"loc":{"start":{"line":21,"column":12},"end":{"line":25,"column":13}},"type":"if","locations":[{"start":{"line":21,"column":12},"end":{"line":25,"column":13}},{"start":{"line":21,"column":12},"end":{"line":25,"column":13}}],"line":21},"1":{"loc":{"start":{"line":29,"column":12},"end":{"line":33,"column":13}},"type":"if","locations":[{"start":{"line":29,"column":12},"end":{"line":33,"column":13}},{"start":{"line":29,"column":12},"end":{"line":33,"column":13}}],"line":29},"2":{"loc":{"start":{"line":45,"column":12},"end":{"line":49,"column":13}},"type":"if","locations":[{"start":{"line":45,"column":12},"end":{"line":49,"column":13}},{"start":{"line":45,"column":12},"end":{"line":49,"column":13}}],"line":45},"3":{"loc":{"start":{"line":53,"column":12},"end":{"line":57,"column":13}},"type":"if","locations":[{"start":{"line":53,"column":12},"end":{"line":57,"column":13}},{"start":{"line":53,"column":12},"end":{"line":57,"column":13}}],"line":53},"4":{"loc":{"start":{"line":69,"column":12},"end":{"line":73,"column":13}},"type":"if","locations":[{"start":{"line":69,"column":12},"end":{"line":73,"column":13}},{"start":{"line":69,"column":12},"end":{"line":73,"column":13}}],"line":69},"5":{"loc":{"start":{"line":77,"column":12},"end":{"line":81,"column":13}},"type":"if","locations":[{"start":{"line":77,"column":12},"end":{"line":81,"column":13}},{"start":{"line":77,"column":12},"end":{"line":81,"column":13}}],"line":77}},"s":{"0":1,"1":1,"2":1,"3":1,"4":1,"5":1,"6":1,"7":1,"8":1,"9":1,"10":1,"11":1,"12":0,"13":0,"14":0,"15":0,"16":0,"17":0,"18":0,"19":0,"20":0,"21":0,"22":0,"23":1,"24":0,"25":0,"26":0,"27":0,"28":0,"29":0,"30":0,"31":0,"32":0,"33":0,"34":0,"35":1,"36":0,"37":0,"38":0,"39":0,"40":0,"41":0,"42":0,"43":0,"44":0,"45":0,"46":0,"47":0,"48":0,"49":1},"f":{"0":0,"1":0,"2":0,"3":0,"4":0,"5":0,"6":0,"7":0,"8":0},"b":{"0":[0,0],"1":[0,0],"2":[0,0],"3":[0,0],"4":[0,0],"5":[0,0]},"_coverageSchema":"43e27e138ebf9cfc5966b082cf9a028302ed4184","hash":"ddb0d436acea351dc9aa8e12e74f4485b17a918e"}
}
